# JRE version: Java(TM) SE Runtime Environment (8.0_141-b15) (build 1.8.0_141-b15)
# Java VM: Java HotSpot(TM) 64-Bit Server VM (25.141-b15 mixed mode windows-amd64 compressed oops)
Heap:
 PSYoungGen      total 73216K, used 12802K [0x00000000d5980000, 0x00000000da980000, 0x0000000100000000)
  eden space 66048K, 10% used [0x00000000d5980000,0x00000000d6028720,0x00000000d9a00000)
  from space 7168K, 83% used [0x00000000da180000,0x00000000da7583a8,0x00000000da880000)
  to   space 7680K, 0% used [0x00000000d9a00000,0x00000000d9a00000,0x00000000da180000)
 ParOldGen       total 87552K, used 27363K [0x0000000080c00000, 0x0000000086180000, 0x00000000d5980000)
  object space 87552K, 31% used [0x0000000080c00000,0x00000000826b8f38,0x0000000086180000)
 Metaspace       used 10228K, capacity 10677K, committed 10752K, reserved 1058816K
  class space    used 1096K, capacity 1209K, committed 1280K, reserved 1048576K
GC Heap History (10 events):
Event: 5.042 GC heap before
{Heap before GC invocations=2 (full 0):
 PSYoungGen      total 38400K, used 36133K [0x00000000d5980000, 0x00000000d8400000, 0x0000000100000000)
  eden space 33280K, 99% used [0x00000000d5980000,0x00000000d79ffff0,0x00000000d7a00000)
  from space 5120K, 55% used [0x00000000d7a00000,0x00000000d7cc96c8,0x00000000d7f00000)
  to   space 5120K, 0% used [0x00000000d7f00000,0x00000000d7f00000,0x00000000d8400000)
 ParOldGen       total 87552K, used 80K [0x0000000080c00000, 0x0000000086180000, 0x00000000d5980000)
  object space 87552K, 0% used [0x0000000080c00000,0x0000000080c14010,0x0000000086180000)
 Metaspace       used 8197K, capacity 8373K, committed 8704K, reserved 1056768K
  class space    used 849K, capacity 925K, committed 1024K, reserved 1048576K
Event: 5.045 GC heap after
Heap after GC invocations=2 (full 0):
 PSYoungGen      total 38400K, used 5092K [0x00000000d5980000, 0x00000000d8400000, 0x0000000100000000)
  eden space 33280K, 0% used [0x00000000d5980000,0x00000000d5980000,0x00000000d7a00000)
  from space 5120K, 99% used [0x00000000d7f00000,0x00000000d83f9068,0x00000000d8400000)
  to   space 5120K, 0% used [0x00000000d7a00000,0x00000000d7a00000,0x00000000d7f00000)
 ParOldGen       total 87552K, used 724K [0x0000000080c00000, 0x0000000086180000, 0x00000000d5980000)
  object space 87552K, 0% used [0x0000000080c00000,0x0000000080cb5128,0x0000000086180000)
 Metaspace       used 8197K, capacity 8373K, committed 8704K, reserved 1056768K
  class space    used 849K, capacity 925K, committed 1024K, reserved 1048576K
}
Event: 6.966 GC heap before
{Heap before GC invocations=3 (full 0):
 PSYoungGen      total 38400K, used 36856K [0x00000000d5980000, 0x00000000d8400000, 0x0000000100000000)
  eden space 33280K, 95% used [0x00000000d5980000,0x00000000d7885148,0x00000000d7a00000)
  from space 5120K, 99% used [0x00000000d7f00000,0x00000000d83f9068,0x00000000d8400000)
  to   space 5120K, 0% used [0x00000000d7a00000,0x00000000d7a00000,0x00000000d7f00000)
 ParOldGen       total 87552K, used 26531K [0x0000000080c00000, 0x0000000086180000, 0x00000000d5980000)
  object space 87552K, 30% used [0x0000000080c00000,0x00000000825e8f38,0x0000000086180000)
 Metaspace       used 9295K, capacity 9535K, committed 9856K, reserved 1058816K
  class space    used 982K, capacity 1058K, committed 1152K, reserved 1048576K
Event: 6.969 GC heap after
Heap after GC invocations=3 (full 0):
 PSYoungGen      total 38400K, used 3891K [0x00000000d5980000, 0x00000000d8400000, 0x0000000100000000)
  eden space 33280K, 0% used [0x00000000d5980000,0x00000000d5980000,0x00000000d7a00000)
  from space 5120K, 76% used [0x00000000d7a00000,0x00000000d7dcce78,0x00000000d7f00000)
  to   space 5120K, 0% used [0x00000000d7f00000,0x00000000d7f00000,0x00000000d8400000)
 ParOldGen       total 87552K, used 26539K [0x0000000080c00000, 0x0000000086180000, 0x00000000d5980000)
  object space 87552K, 30% used [0x0000000080c00000,0x00000000825eaf38,0x0000000086180000)
 Metaspace       used 9295K, capacity 9535K, committed 9856K, reserved 1058816K
  class space    used 982K, capacity 1058K, committed 1152K, reserved 1048576K
}
Event: 7.278 GC heap before
{Heap before GC invocations=4 (full 0):
 PSYoungGen      total 38400K, used 37171K [0x00000000d5980000, 0x00000000d8400000, 0x0000000100000000)
  eden space 33280K, 100% used [0x00000000d5980000,0x00000000d7a00000,0x00000000d7a00000)
  from space 5120K, 76% used [0x00000000d7a00000,0x00000000d7dcce78,0x00000000d7f00000)
  to   space 5120K, 0% used [0x00000000d7f00000,0x00000000d7f00000,0x00000000d8400000)
 ParOldGen       total 87552K, used 26539K [0x0000000080c00000, 0x0000000086180000, 0x00000000d5980000)
  object space 87552K, 30% used [0x0000000080c00000,0x00000000825eaf38,0x0000000086180000)
 Metaspace       used 9483K, capacity 9799K, committed 10112K, reserved 1058816K
  class space    used 1003K, capacity 1090K, committed 1152K, reserved 1048576K
Event: 7.281 GC heap after
Heap after GC invocations=4 (full 0):
 PSYoungGen      total 38400K, used 5104K [0x00000000d5980000, 0x00000000d8400000, 0x0000000100000000)
  eden space 33280K, 0% used [0x00000000d5980000,0x00000000d5980000,0x00000000d7a00000)
  from space 5120K, 99% used [0x00000000d7f00000,0x00000000d83fc0c0,0x00000000d8400000)
  to   space 5120K, 0% used [0x00000000d7a00000,0x00000000d7a00000,0x00000000d7f00000)
 ParOldGen       total 87552K, used 26995K [0x0000000080c00000, 0x0000000086180000, 0x00000000d5980000)
  object space 87552K, 30% used [0x0000000080c00000,0x000000008265cf38,0x0000000086180000)
 Metaspace       used 9483K, capacity 9799K, committed 10112K, reserved 1058816K
  class space    used 1003K, capacity 1090K, committed 1152K, reserved 1048576K
}
Event: 7.372 GC heap before
{Heap before GC invocations=5 (full 0):
 PSYoungGen      total 38400K, used 38384K [0x00000000d5980000, 0x00000000d8400000, 0x0000000100000000)
  eden space 33280K, 100% used [0x00000000d5980000,0x00000000d7a00000,0x00000000d7a00000)
  from space 5120K, 99% used [0x00000000d7f00000,0x00000000d83fc0c0,0x00000000d8400000)
  to   space 5120K, 0% used [0x00000000d7a00000,0x00000000d7a00000,0x00000000d7f00000)
 ParOldGen       total 87552K, used 26995K [0x0000000080c00000, 0x0000000086180000, 0x00000000d5980000)
  object space 87552K, 30% used [0x0000000080c00000,0x000000008265cf38,0x0000000086180000)
 Metaspace       used 9483K, capacity 9799K, committed 10112K, reserved 1058816K
  class space    used 1003K, capacity 1090K, committed 1152K, reserved 1048576K
Event: 7.375 GC heap after
Heap after GC invocations=5 (full 0):
 PSYoungGen      total 38400K, used 5088K [0x00000000d5980000, 0x00000000da880000, 0x0000000100000000)
  eden space 33280K, 0% used [0x00000000d5980000,0x00000000d5980000,0x00000000d7a00000)
  from space 5120K, 99% used [0x00000000d7a00000,0x00000000d7ef80b0,0x00000000d7f00000)
  to   space 7168K, 0% used [0x00000000da180000,0x00000000da180000,0x00000000da880000)
 ParOldGen       total 87552K, used 27355K [0x0000000080c00000, 0x0000000086180000, 0x00000000d5980000)
  object space 87552K, 31% used [0x0000000080c00000,0x00000000826b6f38,0x0000000086180000)
 Metaspace       used 9483K, capacity 9799K, committed 10112K, reserved 1058816K
  class space    used 1003K, capacity 1090K, committed 1152K, reserved 1048576K
}
Event: 7.649 GC heap before
{Heap before GC invocations=6 (full 0):
 PSYoungGen      total 38400K, used 35996K [0x00000000d5980000, 0x00000000da880000, 0x0000000100000000)
  eden space 33280K, 92% used [0x00000000d5980000,0x00000000d77af270,0x00000000d7a00000)
  from space 5120K, 99% used [0x00000000d7a00000,0x00000000d7ef80b0,0x00000000d7f00000)
  to   space 7168K, 0% used [0x00000000da180000,0x00000000da180000,0x00000000da880000)
 ParOldGen       total 87552K, used 27355K [0x0000000080c00000, 0x0000000086180000, 0x00000000d5980000)
  object space 87552K, 31% used [0x0000000080c00000,0x00000000826b6f38,0x0000000086180000)
 Metaspace       used 9751K, capacity 10037K, committed 10112K, reserved 1058816K
  class space    used 1023K, capacity 1123K, committed 1152K, reserved 1048576K
Event: 7.653 GC heap after
Heap after GC invocations=6 (full 0):
 PSYoungGen      total 73216K, used 5984K [0x00000000d5980000, 0x00000000da980000, 0x0000000100000000)
  eden space 66048K, 0% used [0x00000000d5980000,0x00000000d5980000,0x00000000d9a00000)
  from space 7168K, 83% used [0x00000000da180000,0x00000000da7583a8,0x00000000da880000)
  to   space 7680K, 0% used [0x00000000d9a00000,0x00000000d9a00000,0x00000000da180000)
 ParOldGen       total 87552K, used 27363K [0x0000000080c00000, 0x0000000086180000, 0x00000000d5980000)
  object space 87552K, 31% used [0x0000000080c00000,0x00000000826b8f38,0x0000000086180000)
 Metaspace       used 9751K, capacity 10037K, committed 10112K, reserved 1058816K
  class space    used 1023K, capacity 1123K, committed 1152K, reserved 1048576K
}

