# JRE version: Java(TM) SE Runtime Environment (8.0_171-b11) (build 1.8.0_171-b11)
# Java VM: Java HotSpot(TM) 64-Bit Server VM (25.171-b11 mixed mode windows-amd64 compressed oops)
Heap:
 PSYoungGen      total 27648K, used 21664K [0x00000000d5980000, 0x00000000d8200000, 0x0000000100000000)
  eden space 27136K, 79% used [0x00000000d5980000,0x00000000d6e88140,0x00000000d7400000)
  from space 512K, 25% used [0x00000000d8100000,0x00000000d8120000,0x00000000d8180000)
  to   space 512K, 0% used [0x00000000d8180000,0x00000000d8180000,0x00000000d8200000)
 ParOldGen       total 87552K, used 37740K [0x0000000080c00000, 0x0000000086180000, 0x00000000d5980000)
  object space 87552K, 43% used [0x0000000080c00000,0x00000000830db168,0x0000000086180000)
 Metaspace       used 10930K, capacity 11517K, committed 11776K, reserved 1060864K
  class space    used 1123K, capacity 1261K, committed 1280K, reserved 1048576K
GC Heap History (10 events):
Event: 18.568 GC heap before
{Heap before GC invocations=111 (full 0):
 PSYoungGen      total 30208K, used 29952K [0x00000000d5980000, 0x00000000d8200000, 0x0000000100000000)
  eden space 29696K, 100% used [0x00000000d5980000,0x00000000d7680000,0x00000000d7680000)
  from space 512K, 50% used [0x00000000d8180000,0x00000000d81c0000,0x00000000d8200000)
  to   space 512K, 0% used [0x00000000d8100000,0x00000000d8100000,0x00000000d8180000)
 ParOldGen       total 87552K, used 37525K [0x0000000080c00000, 0x0000000086180000, 0x00000000d5980000)
  object space 87552K, 42% used [0x0000000080c00000,0x00000000830a5468,0x0000000086180000)
 Metaspace       used 10919K, capacity 11507K, committed 11776K, reserved 1060864K
  class space    used 1121K, capacity 1256K, committed 1280K, reserved 1048576K
Event: 18.568 GC heap after
Heap after GC invocations=111 (full 0):
 PSYoungGen      total 29696K, used 160K [0x00000000d5980000, 0x00000000d8200000, 0x0000000100000000)
  eden space 29184K, 0% used [0x00000000d5980000,0x00000000d5980000,0x00000000d7600000)
  from space 512K, 31% used [0x00000000d8100000,0x00000000d8128000,0x00000000d8180000)
  to   space 512K, 0% used [0x00000000d8180000,0x00000000d8180000,0x00000000d8200000)
 ParOldGen       total 87552K, used 37676K [0x0000000080c00000, 0x0000000086180000, 0x00000000d5980000)
  object space 87552K, 43% used [0x0000000080c00000,0x00000000830cb168,0x0000000086180000)
 Metaspace       used 10919K, capacity 11507K, committed 11776K, reserved 1060864K
  class space    used 1121K, capacity 1256K, committed 1280K, reserved 1048576K
}
Event: 18.645 GC heap before
{Heap before GC invocations=112 (full 0):
 PSYoungGen      total 29696K, used 29344K [0x00000000d5980000, 0x00000000d8200000, 0x0000000100000000)
  eden space 29184K, 100% used [0x00000000d5980000,0x00000000d7600000,0x00000000d7600000)
  from space 512K, 31% used [0x00000000d8100000,0x00000000d8128000,0x00000000d8180000)
  to   space 512K, 0% used [0x00000000d8180000,0x00000000d8180000,0x00000000d8200000)
 ParOldGen       total 87552K, used 37676K [0x0000000080c00000, 0x0000000086180000, 0x00000000d5980000)
  object space 87552K, 43% used [0x0000000080c00000,0x00000000830cb168,0x0000000086180000)
 Metaspace       used 10919K, capacity 11507K, committed 11776K, reserved 1060864K
  class space    used 1121K, capacity 1256K, committed 1280K, reserved 1048576K
Event: 18.646 GC heap after
Heap after GC invocations=112 (full 0):
 PSYoungGen      total 29184K, used 64K [0x00000000d5980000, 0x00000000d8200000, 0x0000000100000000)
  eden space 28672K, 0% used [0x00000000d5980000,0x00000000d5980000,0x00000000d7580000)
  from space 512K, 12% used [0x00000000d8180000,0x00000000d8190000,0x00000000d8200000)
  to   space 512K, 0% used [0x00000000d8100000,0x00000000d8100000,0x00000000d8180000)
 ParOldGen       total 87552K, used 37684K [0x0000000080c00000, 0x0000000086180000, 0x00000000d5980000)
  object space 87552K, 43% used [0x0000000080c00000,0x00000000830cd168,0x0000000086180000)
 Metaspace       used 10919K, capacity 11507K, committed 11776K, reserved 1060864K
  class space    used 1121K, capacity 1256K, committed 1280K, reserved 1048576K
}
Event: 18.723 GC heap before
{Heap before GC invocations=113 (full 0):
 PSYoungGen      total 29184K, used 28736K [0x00000000d5980000, 0x00000000d8200000, 0x0000000100000000)
  eden space 28672K, 100% used [0x00000000d5980000,0x00000000d7580000,0x00000000d7580000)
  from space 512K, 12% used [0x00000000d8180000,0x00000000d8190000,0x00000000d8200000)
  to   space 512K, 0% used [0x00000000d8100000,0x00000000d8100000,0x00000000d8180000)
 ParOldGen       total 87552K, used 37684K [0x0000000080c00000, 0x0000000086180000, 0x00000000d5980000)
  object space 87552K, 43% used [0x0000000080c00000,0x00000000830cd168,0x0000000086180000)
 Metaspace       used 10919K, capacity 11507K, committed 11776K, reserved 1060864K
  class space    used 1121K, capacity 1256K, committed 1280K, reserved 1048576K
Event: 18.724 GC heap after
Heap after GC invocations=113 (full 0):
 PSYoungGen      total 28672K, used 160K [0x00000000d5980000, 0x00000000d8200000, 0x0000000100000000)
  eden space 28160K, 0% used [0x00000000d5980000,0x00000000d5980000,0x00000000d7500000)
  from space 512K, 31% used [0x00000000d8100000,0x00000000d8128000,0x00000000d8180000)
  to   space 512K, 0% used [0x00000000d8180000,0x00000000d8180000,0x00000000d8200000)
 ParOldGen       total 87552K, used 37700K [0x0000000080c00000, 0x0000000086180000, 0x00000000d5980000)
  object space 87552K, 43% used [0x0000000080c00000,0x00000000830d1168,0x0000000086180000)
 Metaspace       used 10919K, capacity 11507K, committed 11776K, reserved 1060864K
  class space    used 1121K, capacity 1256K, committed 1280K, reserved 1048576K
}
Event: 18.800 GC heap before
{Heap before GC invocations=114 (full 0):
 PSYoungGen      total 28672K, used 28320K [0x00000000d5980000, 0x00000000d8200000, 0x0000000100000000)
  eden space 28160K, 100% used [0x00000000d5980000,0x00000000d7500000,0x00000000d7500000)
  from space 512K, 31% used [0x00000000d8100000,0x00000000d8128000,0x00000000d8180000)
  to   space 512K, 0% used [0x00000000d8180000,0x00000000d8180000,0x00000000d8200000)
 ParOldGen       total 87552K, used 37700K [0x0000000080c00000, 0x0000000086180000, 0x00000000d5980000)
  object space 87552K, 43% used [0x0000000080c00000,0x00000000830d1168,0x0000000086180000)
 Metaspace       used 10921K, capacity 11507K, committed 11776K, reserved 1060864K
  class space    used 1121K, capacity 1256K, committed 1280K, reserved 1048576K
Event: 18.801 GC heap after
Heap after GC invocations=114 (full 0):
 PSYoungGen      total 28160K, used 160K [0x00000000d5980000, 0x00000000d8200000, 0x0000000100000000)
  eden space 27648K, 0% used [0x00000000d5980000,0x00000000d5980000,0x00000000d7480000)
  from space 512K, 31% used [0x00000000d8180000,0x00000000d81a8000,0x00000000d8200000)
  to   space 512K, 0% used [0x00000000d8100000,0x00000000d8100000,0x00000000d8180000)
 ParOldGen       total 87552K, used 37724K [0x0000000080c00000, 0x0000000086180000, 0x00000000d5980000)
  object space 87552K, 43% used [0x0000000080c00000,0x00000000830d7168,0x0000000086180000)
 Metaspace       used 10921K, capacity 11507K, committed 11776K, reserved 1060864K
  class space    used 1121K, capacity 1256K, committed 1280K, reserved 1048576K
}
Event: 18.875 GC heap before
{Heap before GC invocations=115 (full 0):
 PSYoungGen      total 28160K, used 27808K [0x00000000d5980000, 0x00000000d8200000, 0x0000000100000000)
  eden space 27648K, 100% used [0x00000000d5980000,0x00000000d7480000,0x00000000d7480000)
  from space 512K, 31% used [0x00000000d8180000,0x00000000d81a8000,0x00000000d8200000)
  to   space 512K, 0% used [0x00000000d8100000,0x00000000d8100000,0x00000000d8180000)
 ParOldGen       total 87552K, used 37724K [0x0000000080c00000, 0x0000000086180000, 0x00000000d5980000)
  object space 87552K, 43% used [0x0000000080c00000,0x00000000830d7168,0x0000000086180000)
 Metaspace       used 10921K, capacity 11507K, committed 11776K, reserved 1060864K
  class space    used 1121K, capacity 1256K, committed 1280K, reserved 1048576K
Event: 18.876 GC heap after
Heap after GC invocations=115 (full 0):
 PSYoungGen      total 27648K, used 128K [0x00000000d5980000, 0x00000000d8200000, 0x0000000100000000)
  eden space 27136K, 0% used [0x00000000d5980000,0x00000000d5980000,0x00000000d7400000)
  from space 512K, 25% used [0x00000000d8100000,0x00000000d8120000,0x00000000d8180000)
  to   space 512K, 0% used [0x00000000d8180000,0x00000000d8180000,0x00000000d8200000)
 ParOldGen       total 87552K, used 37740K [0x0000000080c00000, 0x0000000086180000, 0x00000000d5980000)
  object space 87552K, 43% used [0x0000000080c00000,0x00000000830db168,0x0000000086180000)
 Metaspace       used 10921K, capacity 11507K, committed 11776K, reserved 1060864K
  class space    used 1121K, capacity 1256K, committed 1280K, reserved 1048576K
}

