# JRE version: Java(TM) SE Runtime Environment (8.0_141-b15) (build 1.8.0_141-b15)
# Java VM: Java HotSpot(TM) 64-Bit Server VM (25.141-b15 mixed mode windows-amd64 compressed oops)
Heap:
 PSYoungGen      total 39936K, used 12699K [0x00000000d5980000, 0x00000000da780000, 0x0000000100000000)
  eden space 32768K, 20% used [0x00000000d5980000,0x00000000d600abf0,0x00000000d7980000)
  from space 7168K, 83% used [0x00000000d8080000,0x00000000d865c0c0,0x00000000d8780000)
  to   space 7168K, 0% used [0x00000000d7980000,0x00000000d7980000,0x00000000d8080000)
 ParOldGen       total 87552K, used 27308K [0x0000000080c00000, 0x0000000086180000, 0x00000000d5980000)
  object space 87552K, 31% used [0x0000000080c00000,0x00000000826ab088,0x0000000086180000)
 Metaspace       used 10234K, capacity 10685K, committed 11008K, reserved 1058816K
  class space    used 1097K, capacity 1211K, committed 1280K, reserved 1048576K
GC Heap History (10 events):
Event: 4.924 GC heap before
{Heap before GC invocations=2 (full 0):
 PSYoungGen      total 38400K, used 36153K [0x00000000d5980000, 0x00000000d8400000, 0x0000000100000000)
  eden space 33280K, 100% used [0x00000000d5980000,0x00000000d7a00000,0x00000000d7a00000)
  from space 5120K, 56% used [0x00000000d7a00000,0x00000000d7cce640,0x00000000d7f00000)
  to   space 5120K, 0% used [0x00000000d7f00000,0x00000000d7f00000,0x00000000d8400000)
 ParOldGen       total 87552K, used 80K [0x0000000080c00000, 0x0000000086180000, 0x00000000d5980000)
  object space 87552K, 0% used [0x0000000080c00000,0x0000000080c14010,0x0000000086180000)
 Metaspace       used 8197K, capacity 8373K, committed 8704K, reserved 1056768K
  class space    used 849K, capacity 925K, committed 1024K, reserved 1048576K
Event: 4.926 GC heap after
Heap after GC invocations=2 (full 0):
 PSYoungGen      total 38400K, used 5092K [0x00000000d5980000, 0x00000000d8400000, 0x0000000100000000)
  eden space 33280K, 0% used [0x00000000d5980000,0x00000000d5980000,0x00000000d7a00000)
  from space 5120K, 99% used [0x00000000d7f00000,0x00000000d83f9088,0x00000000d8400000)
  to   space 5120K, 0% used [0x00000000d7a00000,0x00000000d7a00000,0x00000000d7f00000)
 ParOldGen       total 87552K, used 624K [0x0000000080c00000, 0x0000000086180000, 0x00000000d5980000)
  object space 87552K, 0% used [0x0000000080c00000,0x0000000080c9c268,0x0000000086180000)
 Metaspace       used 8197K, capacity 8373K, committed 8704K, reserved 1056768K
  class space    used 849K, capacity 925K, committed 1024K, reserved 1048576K
}
Event: 6.809 GC heap before
{Heap before GC invocations=3 (full 0):
 PSYoungGen      total 38400K, used 36668K [0x00000000d5980000, 0x00000000d8400000, 0x0000000100000000)
  eden space 33280K, 94% used [0x00000000d5980000,0x00000000d7856010,0x00000000d7a00000)
  from space 5120K, 99% used [0x00000000d7f00000,0x00000000d83f9088,0x00000000d8400000)
  to   space 5120K, 0% used [0x00000000d7a00000,0x00000000d7a00000,0x00000000d7f00000)
 ParOldGen       total 87552K, used 26432K [0x0000000080c00000, 0x0000000086180000, 0x00000000d5980000)
  object space 87552K, 30% used [0x0000000080c00000,0x00000000825d0078,0x0000000086180000)
 Metaspace       used 9292K, capacity 9535K, committed 9856K, reserved 1058816K
  class space    used 982K, capacity 1058K, committed 1152K, reserved 1048576K
Event: 6.811 GC heap after
Heap after GC invocations=3 (full 0):
 PSYoungGen      total 38400K, used 3971K [0x00000000d5980000, 0x00000000d8400000, 0x0000000100000000)
  eden space 33280K, 0% used [0x00000000d5980000,0x00000000d5980000,0x00000000d7a00000)
  from space 5120K, 77% used [0x00000000d7a00000,0x00000000d7de0e68,0x00000000d7f00000)
  to   space 5120K, 0% used [0x00000000d7f00000,0x00000000d7f00000,0x00000000d8400000)
 ParOldGen       total 87552K, used 26440K [0x0000000080c00000, 0x0000000086180000, 0x00000000d5980000)
  object space 87552K, 30% used [0x0000000080c00000,0x00000000825d2078,0x0000000086180000)
 Metaspace       used 9292K, capacity 9535K, committed 9856K, reserved 1058816K
  class space    used 982K, capacity 1058K, committed 1152K, reserved 1048576K
}
Event: 7.109 GC heap before
{Heap before GC invocations=4 (full 0):
 PSYoungGen      total 38400K, used 37251K [0x00000000d5980000, 0x00000000d8400000, 0x0000000100000000)
  eden space 33280K, 100% used [0x00000000d5980000,0x00000000d7a00000,0x00000000d7a00000)
  from space 5120K, 77% used [0x00000000d7a00000,0x00000000d7de0e68,0x00000000d7f00000)
  to   space 5120K, 0% used [0x00000000d7f00000,0x00000000d7f00000,0x00000000d8400000)
 ParOldGen       total 87552K, used 26440K [0x0000000080c00000, 0x0000000086180000, 0x00000000d5980000)
  object space 87552K, 30% used [0x0000000080c00000,0x00000000825d2078,0x0000000086180000)
 Metaspace       used 9483K, capacity 9807K, committed 10112K, reserved 1058816K
  class space    used 1004K, capacity 1092K, committed 1152K, reserved 1048576K
Event: 7.113 GC heap after
Heap after GC invocations=4 (full 0):
 PSYoungGen      total 38400K, used 5104K [0x00000000d5980000, 0x00000000d8400000, 0x0000000100000000)
  eden space 33280K, 0% used [0x00000000d5980000,0x00000000d5980000,0x00000000d7a00000)
  from space 5120K, 99% used [0x00000000d7f00000,0x00000000d83fc0b0,0x00000000d8400000)
  to   space 5120K, 0% used [0x00000000d7a00000,0x00000000d7a00000,0x00000000d7f00000)
 ParOldGen       total 87552K, used 26992K [0x0000000080c00000, 0x0000000086180000, 0x00000000d5980000)
  object space 87552K, 30% used [0x0000000080c00000,0x000000008265c078,0x0000000086180000)
 Metaspace       used 9483K, capacity 9807K, committed 10112K, reserved 1058816K
  class space    used 1004K, capacity 1092K, committed 1152K, reserved 1048576K
}
Event: 7.227 GC heap before
{Heap before GC invocations=5 (full 0):
 PSYoungGen      total 38400K, used 38384K [0x00000000d5980000, 0x00000000d8400000, 0x0000000100000000)
  eden space 33280K, 100% used [0x00000000d5980000,0x00000000d7a00000,0x00000000d7a00000)
  from space 5120K, 99% used [0x00000000d7f00000,0x00000000d83fc0b0,0x00000000d8400000)
  to   space 5120K, 0% used [0x00000000d7a00000,0x00000000d7a00000,0x00000000d7f00000)
 ParOldGen       total 87552K, used 26992K [0x0000000080c00000, 0x0000000086180000, 0x00000000d5980000)
  object space 87552K, 30% used [0x0000000080c00000,0x000000008265c078,0x0000000086180000)
 Metaspace       used 9484K, capacity 9807K, committed 10112K, reserved 1058816K
  class space    used 1004K, capacity 1092K, committed 1152K, reserved 1048576K
Event: 7.230 GC heap after
Heap after GC invocations=5 (full 0):
 PSYoungGen      total 37888K, used 5088K [0x00000000d5980000, 0x00000000d8780000, 0x0000000100000000)
  eden space 32768K, 0% used [0x00000000d5980000,0x00000000d5980000,0x00000000d7980000)
  from space 5120K, 99% used [0x00000000d7a00000,0x00000000d7ef80b0,0x00000000d7f00000)
  to   space 7168K, 0% used [0x00000000d8080000,0x00000000d8080000,0x00000000d8780000)
 ParOldGen       total 87552K, used 27300K [0x0000000080c00000, 0x0000000086180000, 0x00000000d5980000)
  object space 87552K, 31% used [0x0000000080c00000,0x00000000826a9088,0x0000000086180000)
 Metaspace       used 9484K, capacity 9807K, committed 10112K, reserved 1058816K
  class space    used 1004K, capacity 1092K, committed 1152K, reserved 1048576K
}
Event: 7.501 GC heap before
{Heap before GC invocations=6 (full 0):
 PSYoungGen      total 37888K, used 35966K [0x00000000d5980000, 0x00000000d8780000, 0x0000000100000000)
  eden space 32768K, 94% used [0x00000000d5980000,0x00000000d77a7978,0x00000000d7980000)
  from space 5120K, 99% used [0x00000000d7a00000,0x00000000d7ef80b0,0x00000000d7f00000)
  to   space 7168K, 0% used [0x00000000d8080000,0x00000000d8080000,0x00000000d8780000)
 ParOldGen       total 87552K, used 27300K [0x0000000080c00000, 0x0000000086180000, 0x00000000d5980000)
  object space 87552K, 31% used [0x0000000080c00000,0x00000000826a9088,0x0000000086180000)
 Metaspace       used 9751K, capacity 10045K, committed 10112K, reserved 1058816K
  class space    used 1024K, capacity 1125K, committed 1152K, reserved 1048576K
Event: 7.506 GC heap after
Heap after GC invocations=6 (full 0):
 PSYoungGen      total 39936K, used 6000K [0x00000000d5980000, 0x00000000da780000, 0x0000000100000000)
  eden space 32768K, 0% used [0x00000000d5980000,0x00000000d5980000,0x00000000d7980000)
  from space 7168K, 83% used [0x00000000d8080000,0x00000000d865c0c0,0x00000000d8780000)
  to   space 7168K, 0% used [0x00000000d7980000,0x00000000d7980000,0x00000000d8080000)
 ParOldGen       total 87552K, used 27308K [0x0000000080c00000, 0x0000000086180000, 0x00000000d5980000)
  object space 87552K, 31% used [0x0000000080c00000,0x00000000826ab088,0x0000000086180000)
 Metaspace       used 9751K, capacity 10045K, committed 10112K, reserved 1058816K
  class space    used 1024K, capacity 1125K, committed 1152K, reserved 1048576K
}

