# JRE version: Java(TM) SE Runtime Environment (8.0_141-b15) (build 1.8.0_141-b15)
# Java VM: Java HotSpot(TM) 64-Bit Server VM (25.141-b15 mixed mode windows-amd64 compressed oops)
Heap:
 PSYoungGen      total 73216K, used 12872K [0x00000000d5980000, 0x00000000da980000, 0x0000000100000000)
  eden space 66048K, 10% used [0x00000000d5980000,0x00000000d6026228,0x00000000d9a00000)
  from space 7168K, 84% used [0x00000000da180000,0x00000000da76c0a0,0x00000000da880000)
  to   space 7680K, 0% used [0x00000000d9a00000,0x00000000d9a00000,0x00000000da180000)
 ParOldGen       total 87552K, used 27283K [0x0000000080c00000, 0x0000000086180000, 0x00000000d5980000)
  object space 87552K, 31% used [0x0000000080c00000,0x00000000826a4f38,0x0000000086180000)
 Metaspace       used 10210K, capacity 10675K, committed 10752K, reserved 1058816K
  class space    used 1095K, capacity 1206K, committed 1280K, reserved 1048576K
GC Heap History (10 events):
Event: 4.943 GC heap before
{Heap before GC invocations=2 (full 0):
 PSYoungGen      total 38400K, used 36197K [0x00000000d5980000, 0x00000000d8400000, 0x0000000100000000)
  eden space 33280K, 100% used [0x00000000d5980000,0x00000000d7a00000,0x00000000d7a00000)
  from space 5120K, 56% used [0x00000000d7a00000,0x00000000d7cd96c8,0x00000000d7f00000)
  to   space 5120K, 0% used [0x00000000d7f00000,0x00000000d7f00000,0x00000000d8400000)
 ParOldGen       total 87552K, used 80K [0x0000000080c00000, 0x0000000086180000, 0x00000000d5980000)
  object space 87552K, 0% used [0x0000000080c00000,0x0000000080c14010,0x0000000086180000)
 Metaspace       used 8201K, capacity 8373K, committed 8704K, reserved 1056768K
  class space    used 849K, capacity 925K, committed 1024K, reserved 1048576K
Event: 4.945 GC heap after
Heap after GC invocations=2 (full 0):
 PSYoungGen      total 38400K, used 5092K [0x00000000d5980000, 0x00000000d8400000, 0x0000000100000000)
  eden space 33280K, 0% used [0x00000000d5980000,0x00000000d5980000,0x00000000d7a00000)
  from space 5120K, 99% used [0x00000000d7f00000,0x00000000d83f9088,0x00000000d8400000)
  to   space 5120K, 0% used [0x00000000d7a00000,0x00000000d7a00000,0x00000000d7f00000)
 ParOldGen       total 87552K, used 636K [0x0000000080c00000, 0x0000000086180000, 0x00000000d5980000)
  object space 87552K, 0% used [0x0000000080c00000,0x0000000080c9f128,0x0000000086180000)
 Metaspace       used 8201K, capacity 8373K, committed 8704K, reserved 1056768K
  class space    used 849K, capacity 925K, committed 1024K, reserved 1048576K
}
Event: 6.837 GC heap before
{Heap before GC invocations=3 (full 0):
 PSYoungGen      total 38400K, used 36658K [0x00000000d5980000, 0x00000000d8400000, 0x0000000100000000)
  eden space 33280K, 94% used [0x00000000d5980000,0x00000000d78538e0,0x00000000d7a00000)
  from space 5120K, 99% used [0x00000000d7f00000,0x00000000d83f9088,0x00000000d8400000)
  to   space 5120K, 0% used [0x00000000d7a00000,0x00000000d7a00000,0x00000000d7f00000)
 ParOldGen       total 87552K, used 26443K [0x0000000080c00000, 0x0000000086180000, 0x00000000d5980000)
  object space 87552K, 30% used [0x0000000080c00000,0x00000000825d2f38,0x0000000086180000)
 Metaspace       used 9295K, capacity 9535K, committed 9856K, reserved 1058816K
  class space    used 982K, capacity 1058K, committed 1152K, reserved 1048576K
Event: 6.840 GC heap after
Heap after GC invocations=3 (full 0):
 PSYoungGen      total 38400K, used 3859K [0x00000000d5980000, 0x00000000d8400000, 0x0000000100000000)
  eden space 33280K, 0% used [0x00000000d5980000,0x00000000d5980000,0x00000000d7a00000)
  from space 5120K, 75% used [0x00000000d7a00000,0x00000000d7dc4f88,0x00000000d7f00000)
  to   space 5120K, 0% used [0x00000000d7f00000,0x00000000d7f00000,0x00000000d8400000)
 ParOldGen       total 87552K, used 26451K [0x0000000080c00000, 0x0000000086180000, 0x00000000d5980000)
  object space 87552K, 30% used [0x0000000080c00000,0x00000000825d4f38,0x0000000086180000)
 Metaspace       used 9295K, capacity 9535K, committed 9856K, reserved 1058816K
  class space    used 982K, capacity 1058K, committed 1152K, reserved 1048576K
}
Event: 7.104 GC heap before
{Heap before GC invocations=4 (full 0):
 PSYoungGen      total 38400K, used 37139K [0x00000000d5980000, 0x00000000d8400000, 0x0000000100000000)
  eden space 33280K, 100% used [0x00000000d5980000,0x00000000d7a00000,0x00000000d7a00000)
  from space 5120K, 75% used [0x00000000d7a00000,0x00000000d7dc4f88,0x00000000d7f00000)
  to   space 5120K, 0% used [0x00000000d7f00000,0x00000000d7f00000,0x00000000d8400000)
 ParOldGen       total 87552K, used 26451K [0x0000000080c00000, 0x0000000086180000, 0x00000000d5980000)
  object space 87552K, 30% used [0x0000000080c00000,0x00000000825d4f38,0x0000000086180000)
 Metaspace       used 9479K, capacity 9797K, committed 10112K, reserved 1058816K
  class space    used 1001K, capacity 1087K, committed 1152K, reserved 1048576K
Event: 7.108 GC heap after
Heap after GC invocations=4 (full 0):
 PSYoungGen      total 38400K, used 5088K [0x00000000d5980000, 0x00000000d8400000, 0x0000000100000000)
  eden space 33280K, 0% used [0x00000000d5980000,0x00000000d5980000,0x00000000d7a00000)
  from space 5120K, 99% used [0x00000000d7f00000,0x00000000d83f8090,0x00000000d8400000)
  to   space 5120K, 0% used [0x00000000d7a00000,0x00000000d7a00000,0x00000000d7f00000)
 ParOldGen       total 87552K, used 26987K [0x0000000080c00000, 0x0000000086180000, 0x00000000d5980000)
  object space 87552K, 30% used [0x0000000080c00000,0x000000008265af38,0x0000000086180000)
 Metaspace       used 9479K, capacity 9797K, committed 10112K, reserved 1058816K
  class space    used 1001K, capacity 1087K, committed 1152K, reserved 1048576K
}
Event: 7.187 GC heap before
{Heap before GC invocations=5 (full 0):
 PSYoungGen      total 38400K, used 38368K [0x00000000d5980000, 0x00000000d8400000, 0x0000000100000000)
  eden space 33280K, 100% used [0x00000000d5980000,0x00000000d7a00000,0x00000000d7a00000)
  from space 5120K, 99% used [0x00000000d7f00000,0x00000000d83f8090,0x00000000d8400000)
  to   space 5120K, 0% used [0x00000000d7a00000,0x00000000d7a00000,0x00000000d7f00000)
 ParOldGen       total 87552K, used 26987K [0x0000000080c00000, 0x0000000086180000, 0x00000000d5980000)
  object space 87552K, 30% used [0x0000000080c00000,0x000000008265af38,0x0000000086180000)
 Metaspace       used 9481K, capacity 9797K, committed 10112K, reserved 1058816K
  class space    used 1001K, capacity 1087K, committed 1152K, reserved 1048576K
Event: 7.190 GC heap after
Heap after GC invocations=5 (full 0):
 PSYoungGen      total 38400K, used 5104K [0x00000000d5980000, 0x00000000da880000, 0x0000000100000000)
  eden space 33280K, 0% used [0x00000000d5980000,0x00000000d5980000,0x00000000d7a00000)
  from space 5120K, 99% used [0x00000000d7a00000,0x00000000d7efc0a0,0x00000000d7f00000)
  to   space 7168K, 0% used [0x00000000da180000,0x00000000da180000,0x00000000da880000)
 ParOldGen       total 87552K, used 27283K [0x0000000080c00000, 0x0000000086180000, 0x00000000d5980000)
  object space 87552K, 31% used [0x0000000080c00000,0x00000000826a4f38,0x0000000086180000)
 Metaspace       used 9481K, capacity 9797K, committed 10112K, reserved 1058816K
  class space    used 1001K, capacity 1087K, committed 1152K, reserved 1048576K
}
Event: 7.496 GC heap before
{Heap before GC invocations=6 (full 0):
 PSYoungGen      total 38400K, used 36342K [0x00000000d5980000, 0x00000000da880000, 0x0000000100000000)
  eden space 33280K, 93% used [0x00000000d5980000,0x00000000d7801908,0x00000000d7a00000)
  from space 5120K, 99% used [0x00000000d7a00000,0x00000000d7efc0a0,0x00000000d7f00000)
  to   space 7168K, 0% used [0x00000000da180000,0x00000000da180000,0x00000000da880000)
 ParOldGen       total 87552K, used 27283K [0x0000000080c00000, 0x0000000086180000, 0x00000000d5980000)
  object space 87552K, 31% used [0x0000000080c00000,0x00000000826a4f38,0x0000000086180000)
 Metaspace       used 9743K, capacity 10035K, committed 10112K, reserved 1058816K
  class space    used 1021K, capacity 1120K, committed 1152K, reserved 1048576K
Event: 7.500 GC heap after
Heap after GC invocations=6 (full 0):
 PSYoungGen      total 73216K, used 6064K [0x00000000d5980000, 0x00000000da980000, 0x0000000100000000)
  eden space 66048K, 0% used [0x00000000d5980000,0x00000000d5980000,0x00000000d9a00000)
  from space 7168K, 84% used [0x00000000da180000,0x00000000da76c0a0,0x00000000da880000)
  to   space 7680K, 0% used [0x00000000d9a00000,0x00000000d9a00000,0x00000000da180000)
 ParOldGen       total 87552K, used 27283K [0x0000000080c00000, 0x0000000086180000, 0x00000000d5980000)
  object space 87552K, 31% used [0x0000000080c00000,0x00000000826a4f38,0x0000000086180000)
 Metaspace       used 9743K, capacity 10035K, committed 10112K, reserved 1058816K
  class space    used 1021K, capacity 1120K, committed 1152K, reserved 1048576K
}

