# JRE version: Java(TM) SE Runtime Environment (8.0_141-b15) (build 1.8.0_141-b15)
# Java VM: Java HotSpot(TM) 64-Bit Server VM (25.141-b15 mixed mode windows-amd64 compressed oops)
Heap:
 PSYoungGen      total 71680K, used 53378K [0x00000000d5980000, 0x00000000da480000, 0x0000000100000000)
  eden space 66560K, 72% used [0x00000000d5980000,0x00000000d88a47b8,0x00000000d9a80000)
  from space 5120K, 99% used [0x00000000d9f80000,0x00000000da47c1b0,0x00000000da480000)
  to   space 5120K, 0% used [0x00000000d9a80000,0x00000000d9a80000,0x00000000d9f80000)
 ParOldGen       total 87552K, used 384K [0x0000000080c00000, 0x0000000086180000, 0x00000000d5980000)
  object space 87552K, 0% used [0x0000000080c00000,0x0000000080c60010,0x0000000086180000)
 Metaspace       used 10098K, capacity 10533K, committed 10752K, reserved 1058816K
  class space    used 1092K, capacity 1222K, committed 1280K, reserved 1048576K
GC Heap History (8 events):
Event: 2.949 GC heap before
{Heap before GC invocations=1 (full 0):
 PSYoungGen      total 38400K, used 33280K [0x00000000d5980000, 0x00000000d8400000, 0x0000000100000000)
  eden space 33280K, 100% used [0x00000000d5980000,0x00000000d7a00000,0x00000000d7a00000)
  from space 5120K, 0% used [0x00000000d7f00000,0x00000000d7f00000,0x00000000d8400000)
  to   space 5120K, 0% used [0x00000000d7a00000,0x00000000d7a00000,0x00000000d7f00000)
 ParOldGen       total 87552K, used 0K [0x0000000080c00000, 0x0000000086180000, 0x00000000d5980000)
  object space 87552K, 0% used [0x0000000080c00000,0x0000000080c00000,0x0000000086180000)
 Metaspace       used 8333K, capacity 8555K, committed 8704K, reserved 1056768K
  class space    used 870K, capacity 946K, committed 1024K, reserved 1048576K
Event: 2.951 GC heap after
Heap after GC invocations=1 (full 0):
 PSYoungGen      total 38400K, used 2796K [0x00000000d5980000, 0x00000000d8400000, 0x0000000100000000)
  eden space 33280K, 0% used [0x00000000d5980000,0x00000000d5980000,0x00000000d7a00000)
  from space 5120K, 54% used [0x00000000d7a00000,0x00000000d7cbb220,0x00000000d7f00000)
  to   space 5120K, 0% used [0x00000000d7f00000,0x00000000d7f00000,0x00000000d8400000)
 ParOldGen       total 87552K, used 80K [0x0000000080c00000, 0x0000000086180000, 0x00000000d5980000)
  object space 87552K, 0% used [0x0000000080c00000,0x0000000080c14010,0x0000000086180000)
 Metaspace       used 8333K, capacity 8555K, committed 8704K, reserved 1056768K
  class space    used 870K, capacity 946K, committed 1024K, reserved 1048576K
}
Event: 3.161 GC heap before
{Heap before GC invocations=2 (full 0):
 PSYoungGen      total 38400K, used 36076K [0x00000000d5980000, 0x00000000d8400000, 0x0000000100000000)
  eden space 33280K, 100% used [0x00000000d5980000,0x00000000d7a00000,0x00000000d7a00000)
  from space 5120K, 54% used [0x00000000d7a00000,0x00000000d7cbb220,0x00000000d7f00000)
  to   space 5120K, 0% used [0x00000000d7f00000,0x00000000d7f00000,0x00000000d8400000)
 ParOldGen       total 87552K, used 80K [0x0000000080c00000, 0x0000000086180000, 0x00000000d5980000)
  object space 87552K, 0% used [0x0000000080c00000,0x0000000080c14010,0x0000000086180000)
 Metaspace       used 8678K, capacity 8917K, committed 8960K, reserved 1056768K
  class space    used 905K, capacity 981K, committed 1024K, reserved 1048576K
Event: 3.166 GC heap after
Heap after GC invocations=2 (full 0):
 PSYoungGen      total 38400K, used 2456K [0x00000000d5980000, 0x00000000da480000, 0x0000000100000000)
  eden space 33280K, 0% used [0x00000000d5980000,0x00000000d5980000,0x00000000d7a00000)
  from space 5120K, 47% used [0x00000000d7f00000,0x00000000d81661c8,0x00000000d8400000)
  to   space 5120K, 0% used [0x00000000d7a00000,0x00000000d7a00000,0x00000000d7f00000)
 ParOldGen       total 87552K, used 80K [0x0000000080c00000, 0x0000000086180000, 0x00000000d5980000)
  object space 87552K, 0% used [0x0000000080c00000,0x0000000080c14010,0x0000000086180000)
 Metaspace       used 8678K, capacity 8917K, committed 8960K, reserved 1056768K
  class space    used 905K, capacity 981K, committed 1024K, reserved 1048576K
}
Event: 3.210 GC heap before
{Heap before GC invocations=3 (full 0):
 PSYoungGen      total 38400K, used 35736K [0x00000000d5980000, 0x00000000da480000, 0x0000000100000000)
  eden space 33280K, 100% used [0x00000000d5980000,0x00000000d7a00000,0x00000000d7a00000)
  from space 5120K, 47% used [0x00000000d7f00000,0x00000000d81661c8,0x00000000d8400000)
  to   space 5120K, 0% used [0x00000000d7a00000,0x00000000d7a00000,0x00000000d7f00000)
 ParOldGen       total 87552K, used 80K [0x0000000080c00000, 0x0000000086180000, 0x00000000d5980000)
  object space 87552K, 0% used [0x0000000080c00000,0x0000000080c14010,0x0000000086180000)
 Metaspace       used 8683K, capacity 8917K, committed 8960K, reserved 1056768K
  class space    used 905K, capacity 981K, committed 1024K, reserved 1048576K
Event: 3.213 GC heap after
Heap after GC invocations=3 (full 0):
 PSYoungGen      total 38400K, used 4311K [0x00000000d5980000, 0x00000000da480000, 0x0000000100000000)
  eden space 33280K, 0% used [0x00000000d5980000,0x00000000d5980000,0x00000000d7a00000)
  from space 5120K, 84% used [0x00000000d7a00000,0x00000000d7e35c70,0x00000000d7f00000)
  to   space 5120K, 0% used [0x00000000d9f80000,0x00000000d9f80000,0x00000000da480000)
 ParOldGen       total 87552K, used 88K [0x0000000080c00000, 0x0000000086180000, 0x00000000d5980000)
  object space 87552K, 0% used [0x0000000080c00000,0x0000000080c16010,0x0000000086180000)
 Metaspace       used 8683K, capacity 8917K, committed 8960K, reserved 1056768K
  class space    used 905K, capacity 981K, committed 1024K, reserved 1048576K
}
Event: 3.242 GC heap before
{Heap before GC invocations=4 (full 0):
 PSYoungGen      total 38400K, used 37591K [0x00000000d5980000, 0x00000000da480000, 0x0000000100000000)
  eden space 33280K, 100% used [0x00000000d5980000,0x00000000d7a00000,0x00000000d7a00000)
  from space 5120K, 84% used [0x00000000d7a00000,0x00000000d7e35c70,0x00000000d7f00000)
  to   space 5120K, 0% used [0x00000000d9f80000,0x00000000d9f80000,0x00000000da480000)
 ParOldGen       total 87552K, used 88K [0x0000000080c00000, 0x0000000086180000, 0x00000000d5980000)
  object space 87552K, 0% used [0x0000000080c00000,0x0000000080c16010,0x0000000086180000)
 Metaspace       used 8696K, capacity 8917K, committed 8960K, reserved 1056768K
  class space    used 905K, capacity 981K, committed 1024K, reserved 1048576K
Event: 3.248 GC heap after
Heap after GC invocations=4 (full 0):
 PSYoungGen      total 71680K, used 5104K [0x00000000d5980000, 0x00000000da480000, 0x0000000100000000)
  eden space 66560K, 0% used [0x00000000d5980000,0x00000000d5980000,0x00000000d9a80000)
  from space 5120K, 99% used [0x00000000d9f80000,0x00000000da47c1b0,0x00000000da480000)
  to   space 5120K, 0% used [0x00000000d9a80000,0x00000000d9a80000,0x00000000d9f80000)
 ParOldGen       total 87552K, used 384K [0x0000000080c00000, 0x0000000086180000, 0x00000000d5980000)
  object space 87552K, 0% used [0x0000000080c00000,0x0000000080c60010,0x0000000086180000)
 Metaspace       used 8696K, capacity 8917K, committed 8960K, reserved 1056768K
  class space    used 905K, capacity 981K, committed 1024K, reserved 1048576K
}

