# JRE version: Java(TM) SE Runtime Environment (8.0_141-b15) (build 1.8.0_141-b15)
# Java VM: Java HotSpot(TM) 64-Bit Server VM (25.141-b15 mixed mode windows-amd64 compressed oops)
Heap:
 PSYoungGen      total 27648K, used 8677K [0x00000000d5980000, 0x00000000fa600000, 0x0000000100000000)
  eden space 27136K, 31% used [0x00000000d5980000,0x00000000d61e1588,0x00000000d7400000)
  from space 512K, 18% used [0x00000000fa500000,0x00000000fa518000,0x00000000fa580000)
  to   space 512K, 0% used [0x00000000fa580000,0x00000000fa580000,0x00000000fa600000)
 ParOldGen       total 87552K, used 47400K [0x0000000080c00000, 0x0000000086180000, 0x00000000d5980000)
  object space 87552K, 54% used [0x0000000080c00000,0x0000000083a4a350,0x0000000086180000)
 Metaspace       used 10773K, capacity 11305K, committed 11520K, reserved 1058816K
  class space    used 1120K, capacity 1250K, committed 1280K, reserved 1048576K
GC Heap History (10 events):
Event: 101.427 GC heap before
{Heap before GC invocations=369 (full 0):
 PSYoungGen      total 24576K, used 24160K [0x00000000d5980000, 0x00000000fa600000, 0x0000000100000000)
  eden space 24064K, 100% used [0x00000000d5980000,0x00000000d7100000,0x00000000d7100000)
  from space 512K, 18% used [0x00000000fa580000,0x00000000fa598000,0x00000000fa600000)
  to   space 512K, 0% used [0x00000000fa500000,0x00000000fa500000,0x00000000fa580000)
 ParOldGen       total 87552K, used 47304K [0x0000000080c00000, 0x0000000086180000, 0x00000000d5980000)
  object space 87552K, 54% used [0x0000000080c00000,0x0000000083a32350,0x0000000086180000)
 Metaspace       used 10768K, capacity 11293K, committed 11520K, reserved 1058816K
  class space    used 1119K, capacity 1248K, committed 1280K, reserved 1048576K
Event: 101.431 GC heap after
Heap after GC invocations=369 (full 0):
 PSYoungGen      total 29696K, used 128K [0x00000000d5980000, 0x00000000fa600000, 0x0000000100000000)
  eden space 29184K, 0% used [0x00000000d5980000,0x00000000d5980000,0x00000000d7600000)
  from space 512K, 25% used [0x00000000fa500000,0x00000000fa520000,0x00000000fa580000)
  to   space 512K, 0% used [0x00000000fa580000,0x00000000fa580000,0x00000000fa600000)
 ParOldGen       total 87552K, used 47328K [0x0000000080c00000, 0x0000000086180000, 0x00000000d5980000)
  object space 87552K, 54% used [0x0000000080c00000,0x0000000083a38350,0x0000000086180000)
 Metaspace       used 10768K, capacity 11293K, committed 11520K, reserved 1058816K
  class space    used 1119K, capacity 1248K, committed 1280K, reserved 1048576K
}
Event: 101.583 GC heap before
{Heap before GC invocations=370 (full 0):
 PSYoungGen      total 29696K, used 29312K [0x00000000d5980000, 0x00000000fa600000, 0x0000000100000000)
  eden space 29184K, 100% used [0x00000000d5980000,0x00000000d7600000,0x00000000d7600000)
  from space 512K, 25% used [0x00000000fa500000,0x00000000fa520000,0x00000000fa580000)
  to   space 512K, 0% used [0x00000000fa580000,0x00000000fa580000,0x00000000fa600000)
 ParOldGen       total 87552K, used 47328K [0x0000000080c00000, 0x0000000086180000, 0x00000000d5980000)
  object space 87552K, 54% used [0x0000000080c00000,0x0000000083a38350,0x0000000086180000)
 Metaspace       used 10768K, capacity 11293K, committed 11520K, reserved 1058816K
  class space    used 1119K, capacity 1248K, committed 1280K, reserved 1048576K
Event: 101.584 GC heap after
Heap after GC invocations=370 (full 0):
 PSYoungGen      total 29184K, used 64K [0x00000000d5980000, 0x00000000fa600000, 0x0000000100000000)
  eden space 28672K, 0% used [0x00000000d5980000,0x00000000d5980000,0x00000000d7580000)
  from space 512K, 12% used [0x00000000fa580000,0x00000000fa590000,0x00000000fa600000)
  to   space 512K, 0% used [0x00000000fa500000,0x00000000fa500000,0x00000000fa580000)
 ParOldGen       total 87552K, used 47336K [0x0000000080c00000, 0x0000000086180000, 0x00000000d5980000)
  object space 87552K, 54% used [0x0000000080c00000,0x0000000083a3a350,0x0000000086180000)
 Metaspace       used 10768K, capacity 11293K, committed 11520K, reserved 1058816K
  class space    used 1119K, capacity 1248K, committed 1280K, reserved 1048576K
}
Event: 101.737 GC heap before
{Heap before GC invocations=371 (full 0):
 PSYoungGen      total 29184K, used 28736K [0x00000000d5980000, 0x00000000fa600000, 0x0000000100000000)
  eden space 28672K, 100% used [0x00000000d5980000,0x00000000d7580000,0x00000000d7580000)
  from space 512K, 12% used [0x00000000fa580000,0x00000000fa590000,0x00000000fa600000)
  to   space 512K, 0% used [0x00000000fa500000,0x00000000fa500000,0x00000000fa580000)
 ParOldGen       total 87552K, used 47336K [0x0000000080c00000, 0x0000000086180000, 0x00000000d5980000)
  object space 87552K, 54% used [0x0000000080c00000,0x0000000083a3a350,0x0000000086180000)
 Metaspace       used 10768K, capacity 11293K, committed 11520K, reserved 1058816K
  class space    used 1119K, capacity 1248K, committed 1280K, reserved 1048576K
Event: 101.738 GC heap after
Heap after GC invocations=371 (full 0):
 PSYoungGen      total 28672K, used 96K [0x00000000d5980000, 0x00000000fa600000, 0x0000000100000000)
  eden space 28160K, 0% used [0x00000000d5980000,0x00000000d5980000,0x00000000d7500000)
  from space 512K, 18% used [0x00000000fa500000,0x00000000fa518000,0x00000000fa580000)
  to   space 512K, 0% used [0x00000000fa580000,0x00000000fa580000,0x00000000fa600000)
 ParOldGen       total 87552K, used 47352K [0x0000000080c00000, 0x0000000086180000, 0x00000000d5980000)
  object space 87552K, 54% used [0x0000000080c00000,0x0000000083a3e350,0x0000000086180000)
 Metaspace       used 10768K, capacity 11293K, committed 11520K, reserved 1058816K
  class space    used 1119K, capacity 1248K, committed 1280K, reserved 1048576K
}
Event: 101.900 GC heap before
{Heap before GC invocations=372 (full 0):
 PSYoungGen      total 28672K, used 28256K [0x00000000d5980000, 0x00000000fa600000, 0x0000000100000000)
  eden space 28160K, 100% used [0x00000000d5980000,0x00000000d7500000,0x00000000d7500000)
  from space 512K, 18% used [0x00000000fa500000,0x00000000fa518000,0x00000000fa580000)
  to   space 512K, 0% used [0x00000000fa580000,0x00000000fa580000,0x00000000fa600000)
 ParOldGen       total 87552K, used 47352K [0x0000000080c00000, 0x0000000086180000, 0x00000000d5980000)
  object space 87552K, 54% used [0x0000000080c00000,0x0000000083a3e350,0x0000000086180000)
 Metaspace       used 10768K, capacity 11293K, committed 11520K, reserved 1058816K
  class space    used 1119K, capacity 1248K, committed 1280K, reserved 1048576K
Event: 101.901 GC heap after
Heap after GC invocations=372 (full 0):
 PSYoungGen      total 28160K, used 96K [0x00000000d5980000, 0x00000000fa600000, 0x0000000100000000)
  eden space 27648K, 0% used [0x00000000d5980000,0x00000000d5980000,0x00000000d7480000)
  from space 512K, 18% used [0x00000000fa580000,0x00000000fa598000,0x00000000fa600000)
  to   space 512K, 0% used [0x00000000fa500000,0x00000000fa500000,0x00000000fa580000)
 ParOldGen       total 87552K, used 47368K [0x0000000080c00000, 0x0000000086180000, 0x00000000d5980000)
  object space 87552K, 54% used [0x0000000080c00000,0x0000000083a42350,0x0000000086180000)
 Metaspace       used 10768K, capacity 11293K, committed 11520K, reserved 1058816K
  class space    used 1119K, capacity 1248K, committed 1280K, reserved 1048576K
}
Event: 101.991 GC heap before
{Heap before GC invocations=373 (full 0):
 PSYoungGen      total 28160K, used 27744K [0x00000000d5980000, 0x00000000fa600000, 0x0000000100000000)
  eden space 27648K, 100% used [0x00000000d5980000,0x00000000d7480000,0x00000000d7480000)
  from space 512K, 18% used [0x00000000fa580000,0x00000000fa598000,0x00000000fa600000)
  to   space 512K, 0% used [0x00000000fa500000,0x00000000fa500000,0x00000000fa580000)
 ParOldGen       total 87552K, used 47368K [0x0000000080c00000, 0x0000000086180000, 0x00000000d5980000)
  object space 87552K, 54% used [0x0000000080c00000,0x0000000083a42350,0x0000000086180000)
 Metaspace       used 10768K, capacity 11293K, committed 11520K, reserved 1058816K
  class space    used 1119K, capacity 1248K, committed 1280K, reserved 1048576K
Event: 101.992 GC heap after
Heap after GC invocations=373 (full 0):
 PSYoungGen      total 27648K, used 96K [0x00000000d5980000, 0x00000000fa600000, 0x0000000100000000)
  eden space 27136K, 0% used [0x00000000d5980000,0x00000000d5980000,0x00000000d7400000)
  from space 512K, 18% used [0x00000000fa500000,0x00000000fa518000,0x00000000fa580000)
  to   space 512K, 0% used [0x00000000fa580000,0x00000000fa580000,0x00000000fa600000)
 ParOldGen       total 87552K, used 47400K [0x0000000080c00000, 0x0000000086180000, 0x00000000d5980000)
  object space 87552K, 54% used [0x0000000080c00000,0x0000000083a4a350,0x0000000086180000)
 Metaspace       used 10768K, capacity 11293K, committed 11520K, reserved 1058816K
  class space    used 1119K, capacity 1248K, committed 1280K, reserved 1048576K
}

